<?xml version="1.0" encoding="UTF-8"?>
<testsuite xmlns:xsi="http://www.w3.org/2001/XMLSchema-instance" xsi:noNamespaceSchemaLocation="https://maven.apache.org/surefire/maven-surefire-plugin/xsd/surefire-test-report.xsd" name="it.nextworks.nfvmano.configmanager.sb.grafana.GrafanaDashboardServiceTest" time="0.488" tests="14" errors="0" skipped="0" failures="0">
  <properties>
    <property name="sun.desktop" value="gnome"/>
    <property name="awt.toolkit" value="sun.awt.X11.XToolkit"/>
    <property name="file.encoding.pkg" value="sun.io"/>
    <property name="java.specification.version" value="1.8"/>
    <property name="sun.cpu.isalist" value=""/>
    <property name="sun.jnu.encoding" value="UTF-8"/>
    <property name="java.class.path" value="/home/mcapitani/5GT/mon-repo/config-manager-nxw/target/test-classes:/home/mcapitani/5GT/mon-repo/config-manager-nxw/target/classes:/home/mcapitani/.m2/repository/io/vertx/vertx-web/3.5.4/vertx-web-3.5.4.jar:/home/mcapitani/.m2/repository/io/vertx/vertx-auth-common/3.5.4/vertx-auth-common-3.5.4.jar:/home/mcapitani/.m2/repository/io/vertx/vertx-bridge-common/3.5.4/vertx-bridge-common-3.5.4.jar:/home/mcapitani/.m2/repository/io/vertx/vertx-core/3.5.4/vertx-core-3.5.4.jar:/home/mcapitani/.m2/repository/io/netty/netty-common/4.1.19.Final/netty-common-4.1.19.Final.jar:/home/mcapitani/.m2/repository/io/netty/netty-buffer/4.1.19.Final/netty-buffer-4.1.19.Final.jar:/home/mcapitani/.m2/repository/io/netty/netty-transport/4.1.19.Final/netty-transport-4.1.19.Final.jar:/home/mcapitani/.m2/repository/io/netty/netty-handler/4.1.19.Final/netty-handler-4.1.19.Final.jar:/home/mcapitani/.m2/repository/io/netty/netty-codec/4.1.19.Final/netty-codec-4.1.19.Final.jar:/home/mcapitani/.m2/repository/io/netty/netty-handler-proxy/4.1.19.Final/netty-handler-proxy-4.1.19.Final.jar:/home/mcapitani/.m2/repository/io/netty/netty-codec-socks/4.1.19.Final/netty-codec-socks-4.1.19.Final.jar:/home/mcapitani/.m2/repository/io/netty/netty-codec-http/4.1.19.Final/netty-codec-http-4.1.19.Final.jar:/home/mcapitani/.m2/repository/io/netty/netty-codec-http2/4.1.19.Final/netty-codec-http2-4.1.19.Final.jar:/home/mcapitani/.m2/repository/io/netty/netty-resolver/4.1.19.Final/netty-resolver-4.1.19.Final.jar:/home/mcapitani/.m2/repository/io/netty/netty-resolver-dns/4.1.19.Final/netty-resolver-dns-4.1.19.Final.jar:/home/mcapitani/.m2/repository/io/netty/netty-codec-dns/4.1.19.Final/netty-codec-dns-4.1.19.Final.jar:/home/mcapitani/.m2/repository/com/fasterxml/jackson/core/jackson-databind/2.9.6/jackson-databind-2.9.6.jar:/home/mcapitani/.m2/repository/com/fasterxml/jackson/core/jackson-annotations/2.9.6/jackson-annotations-2.9.6.jar:/home/mcapitani/.m2/repository/com/fasterxml/jackson/dataformat/jackson-dataformat-yaml/2.8.11/jackson-dataformat-yaml-2.8.11.jar:/home/mcapitani/.m2/repository/com/fasterxml/jackson/core/jackson-core/2.9.6/jackson-core-2.9.6.jar:/home/mcapitani/.m2/repository/org/yaml/snakeyaml/1.17/snakeyaml-1.17.jar:/home/mcapitani/.m2/repository/io/vertx/vertx-web-client/3.5.4/vertx-web-client-3.5.4.jar:/home/mcapitani/.m2/repository/io/vertx/vertx-web-common/3.5.4/vertx-web-common-3.5.4.jar:/home/mcapitani/.m2/repository/org/slf4j/slf4j-log4j12/1.7.25/slf4j-log4j12-1.7.25.jar:/home/mcapitani/.m2/repository/org/slf4j/slf4j-api/1.7.25/slf4j-api-1.7.25.jar:/home/mcapitani/.m2/repository/log4j/log4j/1.2.17/log4j-1.2.17.jar:/home/mcapitani/.m2/repository/io/vertx/vertx-junit5/3.5.4/vertx-junit5-3.5.4.jar:/home/mcapitani/.m2/repository/org/junit/platform/junit-platform-launcher/1.3.1/junit-platform-launcher-1.3.1.jar:/home/mcapitani/.m2/repository/org/apiguardian/apiguardian-api/1.0.0/apiguardian-api-1.0.0.jar:/home/mcapitani/.m2/repository/org/junit/platform/junit-platform-engine/1.3.1/junit-platform-engine-1.3.1.jar:/home/mcapitani/.m2/repository/org/junit/jupiter/junit-jupiter-api/5.3.1/junit-jupiter-api-5.3.1.jar:/home/mcapitani/.m2/repository/org/opentest4j/opentest4j/1.1.1/opentest4j-1.1.1.jar:/home/mcapitani/.m2/repository/org/junit/platform/junit-platform-commons/1.3.1/junit-platform-commons-1.3.1.jar:/home/mcapitani/.m2/repository/org/junit/jupiter/junit-jupiter-params/5.3.1/junit-jupiter-params-5.3.1.jar:/home/mcapitani/.m2/repository/org/junit/jupiter/junit-jupiter-engine/5.3.1/junit-jupiter-engine-5.3.1.jar:/home/mcapitani/.m2/repository/org/mockito/mockito-junit-jupiter/2.23.0/mockito-junit-jupiter-2.23.0.jar:/home/mcapitani/.m2/repository/org/mockito/mockito-core/2.23.0/mockito-core-2.23.0.jar:/home/mcapitani/.m2/repository/net/bytebuddy/byte-buddy/1.9.0/byte-buddy-1.9.0.jar:/home/mcapitani/.m2/repository/net/bytebuddy/byte-buddy-agent/1.9.0/byte-buddy-agent-1.9.0.jar:/home/mcapitani/.m2/repository/org/objenesis/objenesis/2.6/objenesis-2.6.jar:/home/mcapitani/.m2/repository/io/github/glytching/junit-extensions/2.3.0/junit-extensions-2.3.0.jar:/home/mcapitani/.m2/repository/io/github/benas/random-beans/3.7.0/random-beans-3.7.0.jar:/home/mcapitani/.m2/repository/io/github/lukehutch/fast-classpath-scanner/2.2.1/fast-classpath-scanner-2.2.1.jar:/home/mcapitani/.m2/repository/org/junit/vintage/junit-vintage-engine/5.3.1/junit-vintage-engine-5.3.1.jar:/home/mcapitani/.m2/repository/junit/junit/4.12/junit-4.12.jar:/home/mcapitani/.m2/repository/org/hamcrest/hamcrest-core/1.3/hamcrest-core-1.3.jar:"/>
    <property name="java.vm.vendor" value="Oracle Corporation"/>
    <property name="sun.arch.data.model" value="64"/>
    <property name="java.vendor.url" value="http://java.oracle.com/"/>
    <property name="user.timezone" value=""/>
    <property name="java.vm.specification.version" value="1.8"/>
    <property name="os.name" value="Linux"/>
    <property name="user.country" value="US"/>
    <property name="sun.java.launcher" value="SUN_STANDARD"/>
    <property name="sun.boot.library.path" value="/usr/lib/jvm/java-8-openjdk-amd64/jre/lib/amd64"/>
    <property name="sun.java.command" value="/home/mcapitani/5GT/mon-repo/config-manager-nxw/target/surefire/surefirebooter545264493554221570.jar /home/mcapitani/5GT/mon-repo/config-manager-nxw/target/surefire 2018-11-15T14-18-05_035-jvmRun1 surefire4634875465909373608tmp surefire_06311934287593983483tmp"/>
    <property name="surefire.test.class.path" value="/home/mcapitani/5GT/mon-repo/config-manager-nxw/target/test-classes:/home/mcapitani/5GT/mon-repo/config-manager-nxw/target/classes:/home/mcapitani/.m2/repository/io/vertx/vertx-web/3.5.4/vertx-web-3.5.4.jar:/home/mcapitani/.m2/repository/io/vertx/vertx-auth-common/3.5.4/vertx-auth-common-3.5.4.jar:/home/mcapitani/.m2/repository/io/vertx/vertx-bridge-common/3.5.4/vertx-bridge-common-3.5.4.jar:/home/mcapitani/.m2/repository/io/vertx/vertx-core/3.5.4/vertx-core-3.5.4.jar:/home/mcapitani/.m2/repository/io/netty/netty-common/4.1.19.Final/netty-common-4.1.19.Final.jar:/home/mcapitani/.m2/repository/io/netty/netty-buffer/4.1.19.Final/netty-buffer-4.1.19.Final.jar:/home/mcapitani/.m2/repository/io/netty/netty-transport/4.1.19.Final/netty-transport-4.1.19.Final.jar:/home/mcapitani/.m2/repository/io/netty/netty-handler/4.1.19.Final/netty-handler-4.1.19.Final.jar:/home/mcapitani/.m2/repository/io/netty/netty-codec/4.1.19.Final/netty-codec-4.1.19.Final.jar:/home/mcapitani/.m2/repository/io/netty/netty-handler-proxy/4.1.19.Final/netty-handler-proxy-4.1.19.Final.jar:/home/mcapitani/.m2/repository/io/netty/netty-codec-socks/4.1.19.Final/netty-codec-socks-4.1.19.Final.jar:/home/mcapitani/.m2/repository/io/netty/netty-codec-http/4.1.19.Final/netty-codec-http-4.1.19.Final.jar:/home/mcapitani/.m2/repository/io/netty/netty-codec-http2/4.1.19.Final/netty-codec-http2-4.1.19.Final.jar:/home/mcapitani/.m2/repository/io/netty/netty-resolver/4.1.19.Final/netty-resolver-4.1.19.Final.jar:/home/mcapitani/.m2/repository/io/netty/netty-resolver-dns/4.1.19.Final/netty-resolver-dns-4.1.19.Final.jar:/home/mcapitani/.m2/repository/io/netty/netty-codec-dns/4.1.19.Final/netty-codec-dns-4.1.19.Final.jar:/home/mcapitani/.m2/repository/com/fasterxml/jackson/core/jackson-databind/2.9.6/jackson-databind-2.9.6.jar:/home/mcapitani/.m2/repository/com/fasterxml/jackson/core/jackson-annotations/2.9.6/jackson-annotations-2.9.6.jar:/home/mcapitani/.m2/repository/com/fasterxml/jackson/dataformat/jackson-dataformat-yaml/2.8.11/jackson-dataformat-yaml-2.8.11.jar:/home/mcapitani/.m2/repository/com/fasterxml/jackson/core/jackson-core/2.9.6/jackson-core-2.9.6.jar:/home/mcapitani/.m2/repository/org/yaml/snakeyaml/1.17/snakeyaml-1.17.jar:/home/mcapitani/.m2/repository/io/vertx/vertx-web-client/3.5.4/vertx-web-client-3.5.4.jar:/home/mcapitani/.m2/repository/io/vertx/vertx-web-common/3.5.4/vertx-web-common-3.5.4.jar:/home/mcapitani/.m2/repository/org/slf4j/slf4j-log4j12/1.7.25/slf4j-log4j12-1.7.25.jar:/home/mcapitani/.m2/repository/org/slf4j/slf4j-api/1.7.25/slf4j-api-1.7.25.jar:/home/mcapitani/.m2/repository/log4j/log4j/1.2.17/log4j-1.2.17.jar:/home/mcapitani/.m2/repository/io/vertx/vertx-junit5/3.5.4/vertx-junit5-3.5.4.jar:/home/mcapitani/.m2/repository/org/junit/platform/junit-platform-launcher/1.3.1/junit-platform-launcher-1.3.1.jar:/home/mcapitani/.m2/repository/org/apiguardian/apiguardian-api/1.0.0/apiguardian-api-1.0.0.jar:/home/mcapitani/.m2/repository/org/junit/platform/junit-platform-engine/1.3.1/junit-platform-engine-1.3.1.jar:/home/mcapitani/.m2/repository/org/junit/jupiter/junit-jupiter-api/5.3.1/junit-jupiter-api-5.3.1.jar:/home/mcapitani/.m2/repository/org/opentest4j/opentest4j/1.1.1/opentest4j-1.1.1.jar:/home/mcapitani/.m2/repository/org/junit/platform/junit-platform-commons/1.3.1/junit-platform-commons-1.3.1.jar:/home/mcapitani/.m2/repository/org/junit/jupiter/junit-jupiter-params/5.3.1/junit-jupiter-params-5.3.1.jar:/home/mcapitani/.m2/repository/org/junit/jupiter/junit-jupiter-engine/5.3.1/junit-jupiter-engine-5.3.1.jar:/home/mcapitani/.m2/repository/org/mockito/mockito-junit-jupiter/2.23.0/mockito-junit-jupiter-2.23.0.jar:/home/mcapitani/.m2/repository/org/mockito/mockito-core/2.23.0/mockito-core-2.23.0.jar:/home/mcapitani/.m2/repository/net/bytebuddy/byte-buddy/1.9.0/byte-buddy-1.9.0.jar:/home/mcapitani/.m2/repository/net/bytebuddy/byte-buddy-agent/1.9.0/byte-buddy-agent-1.9.0.jar:/home/mcapitani/.m2/repository/org/objenesis/objenesis/2.6/objenesis-2.6.jar:/home/mcapitani/.m2/repository/io/github/glytching/junit-extensions/2.3.0/junit-extensions-2.3.0.jar:/home/mcapitani/.m2/repository/io/github/benas/random-beans/3.7.0/random-beans-3.7.0.jar:/home/mcapitani/.m2/repository/io/github/lukehutch/fast-classpath-scanner/2.2.1/fast-classpath-scanner-2.2.1.jar:/home/mcapitani/.m2/repository/org/junit/vintage/junit-vintage-engine/5.3.1/junit-vintage-engine-5.3.1.jar:/home/mcapitani/.m2/repository/junit/junit/4.12/junit-4.12.jar:/home/mcapitani/.m2/repository/org/hamcrest/hamcrest-core/1.3/hamcrest-core-1.3.jar:"/>
    <property name="sun.cpu.endian" value="little"/>
    <property name="user.home" value="/home/mcapitani"/>
    <property name="user.language" value="en"/>
    <property name="java.specification.vendor" value="Oracle Corporation"/>
    <property name="java.home" value="/usr/lib/jvm/java-8-openjdk-amd64/jre"/>
    <property name="basedir" value="/home/mcapitani/5GT/mon-repo/config-manager-nxw"/>
    <property name="file.separator" value="/"/>
    <property name="line.separator" value="&#10;"/>
    <property name="java.vm.specification.vendor" value="Oracle Corporation"/>
    <property name="java.specification.name" value="Java Platform API Specification"/>
    <property name="java.awt.graphicsenv" value="sun.awt.X11GraphicsEnvironment"/>
    <property name="surefire.real.class.path" value="/home/mcapitani/5GT/mon-repo/config-manager-nxw/target/surefire/surefirebooter545264493554221570.jar"/>
    <property name="jdk.net.URLClassPath.disableClassPathURLCheck" value="true"/>
    <property name="sun.boot.class.path" value="/usr/lib/jvm/java-8-openjdk-amd64/jre/lib/resources.jar:/usr/lib/jvm/java-8-openjdk-amd64/jre/lib/rt.jar:/usr/lib/jvm/java-8-openjdk-amd64/jre/lib/sunrsasign.jar:/usr/lib/jvm/java-8-openjdk-amd64/jre/lib/jsse.jar:/usr/lib/jvm/java-8-openjdk-amd64/jre/lib/jce.jar:/usr/lib/jvm/java-8-openjdk-amd64/jre/lib/charsets.jar:/usr/lib/jvm/java-8-openjdk-amd64/jre/lib/jfr.jar:/usr/lib/jvm/java-8-openjdk-amd64/jre/classes"/>
    <property name="sun.management.compiler" value="HotSpot 64-Bit Tiered Compilers"/>
    <property name="java.runtime.version" value="1.8.0_181-8u181-b13-1ubuntu0.16.04.1-b13"/>
    <property name="user.name" value="mcapitani"/>
    <property name="path.separator" value=":"/>
    <property name="os.version" value="4.4.0-139-generic"/>
    <property name="java.endorsed.dirs" value="/usr/lib/jvm/java-8-openjdk-amd64/jre/lib/endorsed"/>
    <property name="java.runtime.name" value="OpenJDK Runtime Environment"/>
    <property name="file.encoding" value="UTF-8"/>
    <property name="java.vm.name" value="OpenJDK 64-Bit Server VM"/>
    <property name="localRepository" value="/home/mcapitani/.m2/repository"/>
    <property name="java.vendor.url.bug" value="http://bugreport.sun.com/bugreport/"/>
    <property name="java.io.tmpdir" value="/tmp"/>
    <property name="java.version" value="1.8.0_181"/>
    <property name="user.dir" value="/home/mcapitani/5GT/mon-repo/config-manager-nxw"/>
    <property name="os.arch" value="amd64"/>
    <property name="java.vm.specification.name" value="Java Virtual Machine Specification"/>
    <property name="java.awt.printerjob" value="sun.print.PSPrinterJob"/>
    <property name="sun.os.patch.level" value="unknown"/>
    <property name="java.library.path" value="/usr/java/packages/lib/amd64:/usr/lib/x86_64-linux-gnu/jni:/lib/x86_64-linux-gnu:/usr/lib/x86_64-linux-gnu:/usr/lib/jni:/lib:/usr/lib"/>
    <property name="java.vm.info" value="mixed mode"/>
    <property name="java.vendor" value="Oracle Corporation"/>
    <property name="java.vm.version" value="25.181-b13"/>
    <property name="java.ext.dirs" value="/usr/lib/jvm/java-8-openjdk-amd64/jre/lib/ext:/usr/java/packages/lib/ext"/>
    <property name="sun.io.unicode.encoding" value="UnicodeLittle"/>
    <property name="java.class.version" value="52.0"/>
  </properties>
  <testcase name="ensureSizeNullDefaulted{List}" classname="it.nextworks.nfvmano.configmanager.sb.grafana.GrafanaDashboardServiceTest" time="0.437"/>
  <testcase name="deleteById1" classname="it.nextworks.nfvmano.configmanager.sb.grafana.GrafanaDashboardServiceTest" time="0"/>
  <testcase name="findAll" classname="it.nextworks.nfvmano.configmanager.sb.grafana.GrafanaDashboardServiceTest" time="0"/>
  <testcase name="update" classname="it.nextworks.nfvmano.configmanager.sb.grafana.GrafanaDashboardServiceTest" time="0.001"/>
  <testcase name="findById" classname="it.nextworks.nfvmano.configmanager.sb.grafana.GrafanaDashboardServiceTest" time="0.001"/>
  <testcase name="save" classname="it.nextworks.nfvmano.configmanager.sb.grafana.GrafanaDashboardServiceTest" time="0.001"/>
  <testcase name="makeRows" classname="it.nextworks.nfvmano.configmanager.sb.grafana.GrafanaDashboardServiceTest" time="0.001"/>
  <testcase name="save1" classname="it.nextworks.nfvmano.configmanager.sb.grafana.GrafanaDashboardServiceTest" time="0.001"/>
  <testcase name="makePanels{List}" classname="it.nextworks.nfvmano.configmanager.sb.grafana.GrafanaDashboardServiceTest" time="0.005"/>
  <testcase name="makeRow{List, SizeEnum}" classname="it.nextworks.nfvmano.configmanager.sb.grafana.GrafanaDashboardServiceTest" time="0.02"/>
  <testcase name="ensureSizeAllNulls{List}" classname="it.nextworks.nfvmano.configmanager.sb.grafana.GrafanaDashboardServiceTest" time="0.002"/>
  <testcase name="makeBatches{List}" classname="it.nextworks.nfvmano.configmanager.sb.grafana.GrafanaDashboardServiceTest" time="0.006"/>
  <testcase name="translate" classname="it.nextworks.nfvmano.configmanager.sb.grafana.GrafanaDashboardServiceTest" time="0.001"/>
  <testcase name="deleteById" classname="it.nextworks.nfvmano.configmanager.sb.grafana.GrafanaDashboardServiceTest" time="0.001"/>
</testsuite>